Number of devices: 1
initialize network with normal type
Load weights model_data/voc_weights_resnet.pth.

Successful Load Key: ['extractor.0.weight', 'extractor.1.weight', 'extractor.1.bias', 'extractor.1.running_mean', 'extractor.1.running_var', 'extractor.1.num_batches_tracked', 'extractor.4.0.conv1.weight', 'extractor.4.0.bn1.weight', 'extractor.4.0.bn1.bias', 'extractor.4.0.bn1.running_mean', 'extractor.4.0.bn1.running_var', 'extractor.4.0.bn1.num_batches_tracked', 'extractor.4.0.conv2.weight', 'extractor.4.0.bn2.weight', 'extractor.4.0.bn2.bias', 'extractor.4.0.bn2.running_mean', 'extractor.4.0.bn2.running_var', 'e ……
Successful Load Key Num: 324

Fail To Load Key: ['head.cls_loc.weight', 'head.cls_loc.bias', 'head.score.weight', 'head.score.bias'] ……
Fail To Load Key num: 4

[1;33;44m温馨提示，head部分没有载入是正常现象，Backbone部分没有载入是错误的。[0m
Configurations:
----------------------------------------------------------------------
|                     keys |                                   values|
----------------------------------------------------------------------
|             classes_path | /dpc/yuanxiangqing/projects/detection/legacy_annotations/rgb/classes.txt|
|               model_path |        model_data/voc_weights_resnet.pth|
|              input_shape |                               [600, 600]|
|               Init_Epoch |                                        0|
|             Freeze_Epoch |                                        0|
|           UnFreeze_Epoch |                                        1|
|        Freeze_batch_size |                                        4|
|      Unfreeze_batch_size |                                        8|
|             Freeze_Train |                                    False|
|                  Init_lr |                                   0.0001|
|                   Min_lr |                   1.0000000000000002e-06|
|           optimizer_type |                                     adam|
|                 momentum |                                      0.9|
|            lr_decay_type |                                      cos|
|              save_period |                                        1|
|                 save_dir | /dpc/yuanxiangqing/projects/detection/MutilModel_423/run_smoke/frcnn-rgb-bs8-smoke|
|              num_workers |                                        8|
|                num_train |                                     4000|
|                  num_val |                                     1000|
----------------------------------------------------------------------

[1;33;44m[Warning] 使用adam优化器时，建议将训练总步长设置到15000以上。[0m
[1;33;44m[Warning] 本次运行的总训练数据量为4000，Unfreeze_batch_size为8，共训练1个Epoch，计算出总训练步长为500。[0m
[1;33;44m[Warning] 由于总训练步长为500，小于建议总步长15000，建议设置总世代为31。[0m
Start Train
Epoch 1/1:   0%|          | 0/500 [00:00<?, ?it/s<class 'dict'>]Epoch 1/1:   0%|          | 0/500 [00:04<?, ?it/s<class 'dict'>]
Traceback (most recent call last):
  File "/dpc/yuanxiangqing/projects/detection/MutilModel_423/faster-rcnn-pytorch-master/train.py", line 451, in <module>
    fit_one_epoch(model, train_util, loss_history, eval_callback, optimizer, epoch, epoch_step, epoch_step_val, gen, gen_val, UnFreeze_Epoch, Cuda, fp16, scaler, save_period, save_dir)
  File "/dpc/yuanxiangqing/projects/detection/MutilModel_423/faster-rcnn-pytorch-master/utils/utils_fit.py", line 27, in fit_one_epoch
    rpn_loc, rpn_cls, roi_loc, roi_cls, total = train_util.train_step(images, boxes, labels, 1, fp16, scaler)
  File "/dpc/yuanxiangqing/projects/detection/MutilModel_423/faster-rcnn-pytorch-master/nets/frcnn_training.py", line 321, in train_step
    losses = self.forward(imgs, bboxes, labels, scale)
  File "/dpc/yuanxiangqing/projects/detection/MutilModel_423/faster-rcnn-pytorch-master/nets/frcnn_training.py", line 290, in forward
    roi_cls_locs, roi_scores = self.model_train([base_feature, sample_rois, sample_indexes, img_size], mode = 'head')
  File "/dpc/yuanxiangqing/envs/conda/envs/Liangyu/lib/python3.10/site-packages/torch/nn/modules/module.py", line 1511, in _wrapped_call_impl
    return self._call_impl(*args, **kwargs)
  File "/dpc/yuanxiangqing/envs/conda/envs/Liangyu/lib/python3.10/site-packages/torch/nn/modules/module.py", line 1520, in _call_impl
    return forward_call(*args, **kwargs)
  File "/dpc/yuanxiangqing/envs/conda/envs/Liangyu/lib/python3.10/site-packages/torch/nn/parallel/data_parallel.py", line 183, in forward
    return self.module(*inputs[0], **module_kwargs[0])
  File "/dpc/yuanxiangqing/envs/conda/envs/Liangyu/lib/python3.10/site-packages/torch/nn/modules/module.py", line 1511, in _wrapped_call_impl
    return self._call_impl(*args, **kwargs)
  File "/dpc/yuanxiangqing/envs/conda/envs/Liangyu/lib/python3.10/site-packages/torch/nn/modules/module.py", line 1520, in _call_impl
    return forward_call(*args, **kwargs)
  File "/dpc/yuanxiangqing/projects/detection/MutilModel_423/faster-rcnn-pytorch-master/nets/frcnn.py", line 104, in forward
    roi_cls_locs, roi_scores    = self.head.forward(base_feature, rois, roi_indices, img_size)
  File "/dpc/yuanxiangqing/projects/detection/MutilModel_423/faster-rcnn-pytorch-master/nets/classifier.py", line 102, in forward
    fc7 = self.classifier(pool)
  File "/dpc/yuanxiangqing/envs/conda/envs/Liangyu/lib/python3.10/site-packages/torch/nn/modules/module.py", line 1511, in _wrapped_call_impl
    return self._call_impl(*args, **kwargs)
  File "/dpc/yuanxiangqing/envs/conda/envs/Liangyu/lib/python3.10/site-packages/torch/nn/modules/module.py", line 1520, in _call_impl
    return forward_call(*args, **kwargs)
  File "/dpc/yuanxiangqing/envs/conda/envs/Liangyu/lib/python3.10/site-packages/torch/nn/modules/container.py", line 217, in forward
    input = module(input)
  File "/dpc/yuanxiangqing/envs/conda/envs/Liangyu/lib/python3.10/site-packages/torch/nn/modules/module.py", line 1511, in _wrapped_call_impl
    return self._call_impl(*args, **kwargs)
  File "/dpc/yuanxiangqing/envs/conda/envs/Liangyu/lib/python3.10/site-packages/torch/nn/modules/module.py", line 1520, in _call_impl
    return forward_call(*args, **kwargs)
  File "/dpc/yuanxiangqing/envs/conda/envs/Liangyu/lib/python3.10/site-packages/torch/nn/modules/container.py", line 217, in forward
    input = module(input)
  File "/dpc/yuanxiangqing/envs/conda/envs/Liangyu/lib/python3.10/site-packages/torch/nn/modules/module.py", line 1511, in _wrapped_call_impl
    return self._call_impl(*args, **kwargs)
  File "/dpc/yuanxiangqing/envs/conda/envs/Liangyu/lib/python3.10/site-packages/torch/nn/modules/module.py", line 1520, in _call_impl
    return forward_call(*args, **kwargs)
  File "/dpc/yuanxiangqing/projects/detection/MutilModel_423/faster-rcnn-pytorch-master/nets/resnet50.py", line 32, in forward
    out = self.bn2(out)
  File "/dpc/yuanxiangqing/envs/conda/envs/Liangyu/lib/python3.10/site-packages/torch/nn/modules/module.py", line 1511, in _wrapped_call_impl
    return self._call_impl(*args, **kwargs)
  File "/dpc/yuanxiangqing/envs/conda/envs/Liangyu/lib/python3.10/site-packages/torch/nn/modules/module.py", line 1520, in _call_impl
    return forward_call(*args, **kwargs)
  File "/dpc/yuanxiangqing/envs/conda/envs/Liangyu/lib/python3.10/site-packages/torch/nn/modules/batchnorm.py", line 175, in forward
    return F.batch_norm(
  File "/dpc/yuanxiangqing/envs/conda/envs/Liangyu/lib/python3.10/site-packages/torch/nn/functional.py", line 2482, in batch_norm
    return torch.batch_norm(
torch.cuda.OutOfMemoryError: CUDA out of memory. Tried to allocate 98.00 MiB. GPU 0 has a total capacity of 79.11 GiB of which 81.38 MiB is free. Process 3411911 has 71.75 GiB memory in use. Process 3497479 has 7.24 GiB memory in use. Of the allocated memory 6.26 GiB is allocated by PyTorch, and 121.94 MiB is reserved by PyTorch but unallocated. If reserved but unallocated memory is large try setting PYTORCH_CUDA_ALLOC_CONF=expandable_segments:True to avoid fragmentation.  See documentation for Memory Management  (https://pytorch.org/docs/stable/notes/cuda.html#environment-variables)
